c:\users\mick\documents\programming\coursework\c++\coursework\debug\vc140.pdb
c:\users\mick\documents\programming\coursework\c++\coursework\debug\vc140.idb
c:\users\mick\documents\programming\coursework\c++\coursework\debug\animationframes.obj
c:\users\mick\documents\programming\coursework\c++\coursework\debug\basegameobject.obj
c:\users\mick\documents\programming\coursework\c++\coursework\debug\box.obj
c:\users\mick\documents\programming\coursework\c++\coursework\debug\circle.obj
c:\users\mick\documents\programming\coursework\c++\coursework\debug\circleenemy.obj
c:\users\mick\documents\programming\coursework\c++\coursework\debug\cirlceplatform.obj
c:\users\mick\documents\programming\coursework\c++\coursework\debug\coin.obj
c:\users\mick\documents\programming\coursework\c++\coursework\debug\enemyobject.obj
c:\users\mick\documents\programming\coursework\c++\coursework\debug\event.obj
c:\users\mick\documents\programming\coursework\c++\coursework\debug\exceptions.obj
c:\users\mick\documents\programming\coursework\c++\coursework\debug\menu.obj
c:\users\mick\documents\programming\coursework\c++\coursework\debug\gamepoint.obj
c:\users\mick\documents\programming\coursework\c++\coursework\debug\gameworld.obj
c:\users\mick\documents\programming\coursework\c++\coursework\debug\heart.obj
c:\users\mick\documents\programming\coursework\c++\coursework\debug\platform.obj
c:\users\mick\documents\programming\coursework\c++\coursework\debug\player.obj
c:\users\mick\documents\programming\coursework\c++\coursework\debug\polygon.obj
c:\users\mick\documents\programming\coursework\c++\coursework\debug\source.obj
c:\users\mick\documents\programming\coursework\c++\coursework\debug\gamewindow.obj
c:\users\mick\documents\programming\coursework\c++\coursework\debug\windowstatus.obj
c:\users\mick\documents\programming\coursework\c++\coursework\debug\coord.obj
c:\users\mick\documents\programming\coursework\c++\coursework\debug\animation.obj
c:\users\mick\documents\programming\coursework\c++\coursework\debug\coursework.res
c:\users\mick\documents\programming\coursework\c++\debug\coursework.pdb
c:\users\mick\documents\programming\coursework\c++\coursework\debug\coursework.tlog\cl.command.1.tlog
c:\users\mick\documents\programming\coursework\c++\coursework\debug\coursework.tlog\cl.read.1.tlog
c:\users\mick\documents\programming\coursework\c++\coursework\debug\coursework.tlog\cl.write.1.tlog
c:\users\mick\documents\programming\coursework\c++\coursework\debug\coursework.tlog\link-cvtres.read.1.tlog
c:\users\mick\documents\programming\coursework\c++\coursework\debug\coursework.tlog\link-cvtres.write.1.tlog
c:\users\mick\documents\programming\coursework\c++\coursework\debug\coursework.tlog\link-rc.read.1.tlog
c:\users\mick\documents\programming\coursework\c++\coursework\debug\coursework.tlog\link-rc.write.1.tlog
c:\users\mick\documents\programming\coursework\c++\coursework\debug\coursework.tlog\link.7980-cvtres.read.1.tlog
c:\users\mick\documents\programming\coursework\c++\coursework\debug\coursework.tlog\link.7980-cvtres.write.1.tlog
c:\users\mick\documents\programming\coursework\c++\coursework\debug\coursework.tlog\link.7980-rc.read.1.tlog
c:\users\mick\documents\programming\coursework\c++\coursework\debug\coursework.tlog\link.7980-rc.write.1.tlog
c:\users\mick\documents\programming\coursework\c++\coursework\debug\coursework.tlog\link.7980.read.1.tlog
c:\users\mick\documents\programming\coursework\c++\coursework\debug\coursework.tlog\link.7980.write.1.tlog
c:\users\mick\documents\programming\coursework\c++\coursework\debug\coursework.tlog\link.command.1.tlog
c:\users\mick\documents\programming\coursework\c++\coursework\debug\coursework.tlog\link.read.1.tlog
c:\users\mick\documents\programming\coursework\c++\coursework\debug\coursework.tlog\link.write.1.tlog
c:\users\mick\documents\programming\coursework\c++\coursework\debug\coursework.tlog\rc.command.1.tlog
c:\users\mick\documents\programming\coursework\c++\coursework\debug\coursework.tlog\rc.read.1.tlog
c:\users\mick\documents\programming\coursework\c++\coursework\debug\coursework.tlog\rc.write.1.tlog
