  Coord.cpp
  Animation.cpp
Animation.cpp(87): warning C4244: 'argument': conversion from 'int' to 'float', possible loss of data
Animation.cpp(99): warning C4244: 'argument': conversion from 'int' to 'float', possible loss of data
Animation.cpp(132): warning C4018: '>': signed/unsigned mismatch
Animation.cpp(136): warning C4018: '>': signed/unsigned mismatch
Animation.cpp(142): warning C4018: '>': signed/unsigned mismatch
Animation.cpp(146): warning C4018: '>': signed/unsigned mismatch
Animation.cpp(152): warning C4018: '>': signed/unsigned mismatch
Animation.cpp(162): warning C4018: '>': signed/unsigned mismatch
Animation.cpp(179): warning C4018: '>': signed/unsigned mismatch
Animation.cpp(183): warning C4018: '>': signed/unsigned mismatch
  AnimationFrames.cpp
AnimationFrames.cpp(32): warning C4244: 'argument': conversion from 'float' to 'int', possible loss of data
AnimationFrames.cpp(33): warning C4244: 'argument': conversion from 'float' to 'int', possible loss of data
AnimationFrames.cpp(80): warning C4244: 'initializing': conversion from 'float' to 'int', possible loss of data
AnimationFrames.cpp(83): warning C4244: '=': conversion from 'int' to 'float', possible loss of data
  BaseGameObject.cpp
  Box.cpp
  Circle.cpp
  CircleEnemy.cpp
CircleEnemy.cpp(10): warning C4244: 'argument': conversion from 'int' to 'float32', possible loss of data
  CirlcePlatform.cpp
  Coin.cpp
  EnemyObject.cpp
  Event.cpp
  Exceptions.cpp
  EndGameObject.cpp
  Menu.cpp
Menu.cpp(41): warning C4018: '<': signed/unsigned mismatch
Menu.cpp(115): warning C4018: '>': signed/unsigned mismatch
Menu.cpp(151): warning C4018: '<': signed/unsigned mismatch
Menu.cpp(172): warning C4018: '<': signed/unsigned mismatch
  GamePoint.cpp
  GameWorld.cpp
GameWorld.cpp(23): warning C4129: 'O': unrecognized character escape sequence
  Heart.cpp
  Platform.cpp
  Player.cpp
Player.cpp(54): warning C4244: '=': conversion from 'float' to 'int', possible loss of data
Player.cpp(59): warning C4018: '<': signed/unsigned mismatch
Player.cpp(120): warning C4244: '=': conversion from 'float' to 'int', possible loss of data
Player.cpp(126): warning C4244: '=': conversion from 'float' to 'int', possible loss of data
Player.cpp(191): warning C4244: 'argument': conversion from 'float' to 'int', possible loss of data
  Polygon.cpp
  Compiling...
  Source.cpp
  GameWindow.cpp
GameWindow.cpp(36): warning C4244: 'argument': conversion from 'int' to 'float', possible loss of data
GameWindow.cpp(41): warning C4244: 'argument': conversion from 'unsigned int' to 'float', possible loss of data
GameWindow.cpp(85): warning C4244: 'argument': conversion from 'int' to 'float', possible loss of data
GameWindow.cpp(171): warning C4244: 'argument': conversion from 'unsigned int' to 'float', possible loss of data
  WindowStatus.cpp
  Generating code
  0 of 1036 functions ( 0.0%) were compiled, the rest were copied from previous compilation.
    0 functions were new in current compilation
    6 functions had inline decision re-evaluated but remain unchanged
  Finished generating code
  CourseWork.vcxproj -> C:\Users\mick\Documents\Programming\Coursework\C++\Release\CourseWork.exe
