c:\users\mick\documents\programming\coursework\c++\coursework\release\vc140.pdb
c:\users\mick\documents\programming\coursework\c++\coursework\release\source.obj
c:\users\mick\documents\programming\coursework\c++\coursework\release\polygon.obj
c:\users\mick\documents\programming\coursework\c++\coursework\release\player.obj
c:\users\mick\documents\programming\coursework\c++\coursework\release\platform.obj
c:\users\mick\documents\programming\coursework\c++\coursework\release\heart.obj
c:\users\mick\documents\programming\coursework\c++\coursework\release\gameworld.obj
c:\users\mick\documents\programming\coursework\c++\coursework\release\gamepoint.obj
c:\users\mick\documents\programming\coursework\c++\coursework\release\menu.obj
c:\users\mick\documents\programming\coursework\c++\coursework\release\exceptions.obj
c:\users\mick\documents\programming\coursework\c++\coursework\release\event.obj
c:\users\mick\documents\programming\coursework\c++\coursework\release\enemyobject.obj
c:\users\mick\documents\programming\coursework\c++\coursework\release\coin.obj
c:\users\mick\documents\programming\coursework\c++\coursework\release\cirlceplatform.obj
c:\users\mick\documents\programming\coursework\c++\coursework\release\circleenemy.obj
c:\users\mick\documents\programming\coursework\c++\coursework\release\circle.obj
c:\users\mick\documents\programming\coursework\c++\coursework\release\box.obj
c:\users\mick\documents\programming\coursework\c++\coursework\release\basegameobject.obj
c:\users\mick\documents\programming\coursework\c++\coursework\release\animationframes.obj
c:\users\mick\documents\programming\coursework\c++\coursework\release\animation.obj
c:\users\mick\documents\programming\coursework\c++\coursework\release\coord.obj
c:\users\mick\documents\programming\coursework\c++\coursework\release\windowstatus.obj
c:\users\mick\documents\programming\coursework\c++\coursework\release\gamewindow.obj
c:\users\mick\documents\programming\coursework\c++\coursework\release\coursework.res
c:\users\mick\documents\programming\coursework\c++\coursework\release\coursework.tlog\cl.command.1.tlog
c:\users\mick\documents\programming\coursework\c++\coursework\release\coursework.tlog\cl.read.1.tlog
c:\users\mick\documents\programming\coursework\c++\coursework\release\coursework.tlog\cl.write.1.tlog
c:\users\mick\documents\programming\coursework\c++\coursework\release\coursework.tlog\link.command.1.tlog
c:\users\mick\documents\programming\coursework\c++\coursework\release\coursework.tlog\link.read.1.tlog
c:\users\mick\documents\programming\coursework\c++\coursework\release\coursework.tlog\link.write.1.tlog
c:\users\mick\documents\programming\coursework\c++\coursework\release\coursework.tlog\rc.command.1.tlog
c:\users\mick\documents\programming\coursework\c++\coursework\release\coursework.tlog\rc.read.1.tlog
c:\users\mick\documents\programming\coursework\c++\coursework\release\coursework.tlog\rc.write.1.tlog
